<?xml version="1.0" encoding="UTF-8"?>
<testsuite name="Login.runnerclass" tests="1" skipped="0" failures="0" errors="0" timestamp="2018-10-22T11:15:18" hostname="FULL410-WIN" time="49.624">
  <properties/>
  <testcase name="feature[0](Login to Form Creature)" classname="Login.runnerclass" time="49.624"/>
  <system-out><![CDATA[Browser is opened successfully
]]></system-out>
  <system-err><![CDATA[Starting ChromeDriver 2.40.565498 (ea082db3280dd6843ebfb08a625e3eb905c4f5ab) on port 9078
Only local connections are allowed.
]]></system-err>
</testsuite>
